-------------------------------------------------------------------------------
Test set: com.ssa.ironyard.TrieControllerTest
-------------------------------------------------------------------------------
Tests run: 1, Failures: 1, Errors: 0, Skipped: 0, Time elapsed: 0.92 sec <<< FAILURE! - in com.ssa.ironyard.TrieControllerTest
test(com.ssa.ironyard.TrieControllerTest)  Time elapsed: 0.01 sec  <<< FAILURE!
java.lang.AssertionError: Not yet implemented
	at org.junit.Assert.fail(Assert.java:88)
	at com.ssa.ironyard.TrieControllerTest.test(TrieControllerTest.java:22)

