-------------------------------------------------------------------------------
Test set: com.ssa.ironyard.TrieLoaderTest
-------------------------------------------------------------------------------
Tests run: 1, Failures: 1, Errors: 0, Skipped: 0, Time elapsed: 0.001 sec <<< FAILURE! - in com.ssa.ironyard.TrieLoaderTest
test(com.ssa.ironyard.TrieLoaderTest)  Time elapsed: 0 sec  <<< FAILURE!
java.lang.AssertionError: Not yet implemented
	at org.junit.Assert.fail(Assert.java:88)
	at com.ssa.ironyard.TrieLoaderTest.test(TrieLoaderTest.java:20)

